<?xml version="1.0" encoding="UTF-8"?>
<robot generator="Robot 7.4.1 (Python 3.11.9 on win32)" generated="2026-03-03T20:47:06.549123" rpa="false" schemaversion="5">
<suite id="s1" name="TS-F02-US3" source="E:\SE2_1_PaiNamNae\test\TS-F02\TS-F02-US3\TS-F02-US3.robot">
<kw name="Prepare Environment" type="SETUP">
<kw name="Open System Browser" owner="common_resource">
<kw name="Open Browser" owner="SeleniumLibrary">
<msg time="2026-03-03T20:47:06.746370" level="INFO">Opening browser 'chrome' to base url 'http://localhost:3001'.</msg>
<arg>${WEB_URL}</arg>
<arg>${BROWSER}</arg>
<arg>options=add_argument("--incognito")</arg>
<doc>Opens a new browser instance to the optional ``url``.</doc>
<status status="PASS" start="2026-03-03T20:47:06.746370" elapsed="1.568148"/>
</kw>
<kw name="Maximize Browser Window" owner="SeleniumLibrary">
<doc>Maximizes current browser window.</doc>
<status status="PASS" start="2026-03-03T20:47:08.314518" elapsed="0.042000"/>
</kw>
<status status="PASS" start="2026-03-03T20:47:06.745338" elapsed="1.612201"/>
</kw>
<kw name="Run Keyword And Ignore Error" owner="BuiltIn">
<kw name="Create Session" owner="RequestsLibrary">
<msg time="2026-03-03T20:47:08.357539" level="INFO">Creating Session using : alias=api_session, url=http://localhost:3000, headers={},                     cookies={}, auth=None, timeout=None, proxies=None, verify=False,                     debug=0 </msg>
<arg>api_session</arg>
<arg>${BASE_API_URL}</arg>
<doc>Create Session: create a HTTP session to a server</doc>
<status status="PASS" start="2026-03-03T20:47:08.357539" elapsed="0.000996"/>
</kw>
<arg>Create Session</arg>
<arg>api_session</arg>
<arg>${BASE_API_URL}</arg>
<doc>Runs the given keyword with the given arguments and ignores possible error.</doc>
<status status="PASS" start="2026-03-03T20:47:08.357539" elapsed="0.000996"/>
</kw>
<status status="PASS" start="2026-03-03T20:47:06.745338" elapsed="1.613197"/>
</kw>
<test id="s1-t1" name="TC07 เข้าสู่ระบบด้วยบัญชีที่สร้างไว้ใน TC01 ของ US1" line="60">
<kw name="Login To System" owner="common_resource">
<kw name="Go To" owner="SeleniumLibrary">
<msg time="2026-03-03T20:47:08.361536" level="INFO">Opening url 'http://localhost:3001/login'</msg>
<arg>${WEB_URL}/login</arg>
<doc>Navigates the current browser window to the provided ``url``.</doc>
<status status="PASS" start="2026-03-03T20:47:08.361536" elapsed="0.262110"/>
</kw>
<kw name="Wait Until Element Is Visible" owner="SeleniumLibrary">
<arg>${TXT_USERNAME}</arg>
<doc>Waits until the element ``locator`` is visible.</doc>
<status status="PASS" start="2026-03-03T20:47:08.623646" elapsed="0.244706"/>
</kw>
<kw name="Input Text" owner="SeleniumLibrary">
<msg time="2026-03-03T20:47:08.868352" level="INFO">Typing text 'passengerreview' into text field 'id=identifier'.</msg>
<arg>${TXT_USERNAME}</arg>
<arg>${username}</arg>
<doc>Types the given ``text`` into the text field identified by ``locator``.</doc>
<status status="PASS" start="2026-03-03T20:47:08.868352" elapsed="0.067998"/>
</kw>
<kw name="Input Text" owner="SeleniumLibrary">
<msg time="2026-03-03T20:47:08.937350" level="INFO">Typing text '123456789' into text field 'id=password'.</msg>
<arg>${TXT_PASSWORD}</arg>
<arg>${password}</arg>
<doc>Types the given ``text`` into the text field identified by ``locator``.</doc>
<status status="PASS" start="2026-03-03T20:47:08.936350" elapsed="0.061301"/>
</kw>
<kw name="Click Button" owner="SeleniumLibrary">
<msg time="2026-03-03T20:47:08.997651" level="INFO">Clicking button 'id=loginButton'.</msg>
<arg>${BTN_LOGIN}</arg>
<doc>Clicks the button identified by ``locator``.</doc>
<status status="PASS" start="2026-03-03T20:47:08.997651" elapsed="0.048000"/>
</kw>
<kw name="Wait Until Page Contains Element" owner="SeleniumLibrary">
<arg>xpath=//main</arg>
<arg>timeout=10s</arg>
<doc>Waits until the element ``locator`` appears on the current page.</doc>
<status status="PASS" start="2026-03-03T20:47:09.045651" elapsed="0.006000"/>
</kw>
<arg>${PASSENGER_USER_REVIEW}</arg>
<arg>${PASSENGER_PASS_REVIEW}</arg>
<status status="PASS" start="2026-03-03T20:47:08.360531" elapsed="0.691120"/>
</kw>
<doc>ทดสอบล็อกอินด้วยบัญชีที่สร้างไว้ใน TC01 ของ US1</doc>
<status status="PASS" start="2026-03-03T20:47:08.358535" elapsed="0.694116"/>
</test>
<test id="s1-t2" name="TC08,TC09 เข้าหน้าการเดินทางที่จบแล้วและเขียนรีวิว" line="64">
<kw name="Wait Until Page Contains Element" owner="SeleniumLibrary">
<arg>xpath=//a[contains(.,'การเดินทางของฉัน')]</arg>
<doc>Waits until the element ``locator`` appears on the current page.</doc>
<status status="PASS" start="2026-03-03T20:47:09.053651" elapsed="0.233519"/>
</kw>
<kw name="Click Element" owner="SeleniumLibrary">
<msg time="2026-03-03T20:47:09.288200" level="INFO">Clicking element 'xpath=//a[contains(.,'การเดินทางของฉัน')]'.</msg>
<arg>xpath=//a[contains(.,'การเดินทางของฉัน')]</arg>
<doc>Click the element identified by ``locator``.</doc>
<status status="PASS" start="2026-03-03T20:47:09.288200" elapsed="0.051970"/>
</kw>
<kw name="Wait Until Element Is Visible" owner="SeleniumLibrary">
<arg>xpath=//button[contains(normalize-space(.), 'ทั้งหมด')]</arg>
<arg>timeout=10s</arg>
<doc>Waits until the element ``locator`` is visible.</doc>
<status status="PASS" start="2026-03-03T20:47:09.340170" elapsed="0.266223"/>
</kw>
<kw name="Click Button" owner="SeleniumLibrary">
<msg time="2026-03-03T20:47:09.607553" level="INFO">Clicking button 'xpath=//button[contains(normalize-space(.), 'ทั้งหมด')]'.</msg>
<arg>xpath=//button[contains(normalize-space(.), 'ทั้งหมด')]</arg>
<doc>Clicks the button identified by ``locator``.</doc>
<status status="PASS" start="2026-03-03T20:47:09.607553" elapsed="0.059666"/>
</kw>
<kw name="Wait Until Page Contains Element" owner="SeleniumLibrary">
<arg>xpath=//button[contains(.,'เขียนรีวิว')]</arg>
<doc>Waits until the element ``locator`` appears on the current page.</doc>
<status status="PASS" start="2026-03-03T20:47:09.668217" elapsed="0.888881"/>
</kw>
<kw name="Click Element" owner="SeleniumLibrary">
<msg time="2026-03-03T20:47:10.557098" level="INFO">Clicking element 'xpath=//button[contains(.,'เขียนรีวิว')]'.</msg>
<arg>xpath=//button[contains(.,'เขียนรีวิว')]</arg>
<doc>Click the element identified by ``locator``.</doc>
<status status="PASS" start="2026-03-03T20:47:10.557098" elapsed="0.083689"/>
</kw>
<kw name="Set Rating">
<kw name="Convert To Number" owner="BuiltIn">
<msg time="2026-03-03T20:47:10.642545" level="INFO">${rating} = 3.5</msg>
<var>${rating}</var>
<arg>${rating}</arg>
<doc>Converts the given item to a floating point number.</doc>
<status status="PASS" start="2026-03-03T20:47:10.641832" elapsed="0.000713"/>
</kw>
<kw name="Return From Keyword If" owner="BuiltIn">
<arg>${rating} == 0</arg>
<doc>Returns from the enclosing user keyword if ``condition`` is true.</doc>
<status status="PASS" start="2026-03-03T20:47:10.642545" elapsed="0.001015"/>
</kw>
<kw name="Evaluate" owner="BuiltIn">
<msg time="2026-03-03T20:47:10.644560" level="INFO">${full} = 3</msg>
<var>${full}</var>
<arg>int(${rating})</arg>
<doc>Evaluates the given expression in Python and returns the result.</doc>
<status status="PASS" start="2026-03-03T20:47:10.643560" elapsed="0.001000"/>
</kw>
<kw name="Evaluate" owner="BuiltIn">
<msg time="2026-03-03T20:47:10.645560" level="INFO">${half} = 1</msg>
<var>${half}</var>
<arg>1 if (${rating} - int(${rating}) == 0.5) else 0</arg>
<doc>Evaluates the given expression in Python and returns the result.</doc>
<status status="PASS" start="2026-03-03T20:47:10.644560" elapsed="0.001000"/>
</kw>
<kw name="Evaluate" owner="BuiltIn">
<msg time="2026-03-03T20:47:10.649561" level="INFO">${star_index} = 4</msg>
<var>${star_index}</var>
<arg>${full} + (${half} if ${half} else 0)</arg>
<doc>Evaluates the given expression in Python and returns the result.</doc>
<status status="PASS" start="2026-03-03T20:47:10.648557" elapsed="0.002001"/>
</kw>
<kw name="Wait Until Element Is Visible" owner="SeleniumLibrary">
<arg>xpath=//div[contains(@class,'text-3xl') and contains(@class,'cursor-pointer')]</arg>
<doc>Waits until the element ``locator`` is visible.</doc>
<status status="PASS" start="2026-03-03T20:47:10.650558" elapsed="0.051311"/>
</kw>
<kw name="Execute Javascript" owner="SeleniumLibrary">
<msg time="2026-03-03T20:47:10.702884" level="INFO">Executing JavaScript:
const stars = document.querySelectorAll("div.text-3xl.cursor-pointer span.relative");const el = stars[4 - 1];const rect = el.getBoundingClientRect();const x = rect.left + (1 === 1 ? rect.width * 0.25 : rect.width * 0.75);const y = rect.top + rect.height / 2;const evt = new MouseEvent('click', { clientX: x, clientY: y, bubbles: true });el.dispatchEvent(evt);
Without any arguments.</msg>
<arg>const stars = document.querySelectorAll("div.text-3xl.cursor-pointer span.relative");</arg>
<arg>const el = stars[${star_index} - 1];</arg>
<arg>const rect = el.getBoundingClientRect();</arg>
<arg>const x = rect.left + (${half} === 1 ? rect.width * 0.25 : rect.width * 0.75);</arg>
<arg>const y = rect.top + rect.height / 2;</arg>
<arg>const evt = new MouseEvent('click', { clientX: x, clientY: y, bubbles: true });</arg>
<arg>el.dispatchEvent(evt);</arg>
<doc>Executes the given JavaScript code with possible arguments.</doc>
<status status="PASS" start="2026-03-03T20:47:10.701869" elapsed="0.010607"/>
</kw>
<arg>3.5</arg>
<status status="PASS" start="2026-03-03T20:47:10.641832" elapsed="0.071311"/>
</kw>
<kw name="Wait Until Element Is Visible" owner="SeleniumLibrary">
<arg>xpath=//textarea[@placeholder='เขียนรีวิวที่นี่']</arg>
<doc>Waits until the element ``locator`` is visible.</doc>
<status status="PASS" start="2026-03-03T20:47:10.714361" elapsed="0.021951"/>
</kw>
<kw name="Input Text" owner="SeleniumLibrary">
<msg time="2026-03-03T20:47:10.737321" level="INFO">Typing text 'ขับดีมากครับพี่ รถพี่สุดยอด' into text field 'xpath=//textarea[@placeholder='เขียนรีวิวที่นี่']'.</msg>
<arg>xpath=//textarea[@placeholder='เขียนรีวิวที่นี่']</arg>
<arg>ขับดีมากครับพี่ รถพี่สุดยอด</arg>
<doc>Types the given ``text`` into the text field identified by ``locator``.</doc>
<status status="PASS" start="2026-03-03T20:47:10.737321" elapsed="0.132488"/>
</kw>
<kw name="Choose File" owner="SeleniumLibrary">
<msg time="2026-03-03T20:47:10.870809" level="INFO">Sending E:\SE2_1_PaiNamNae\test\TS-F02\reviewpic.jpg to browser.</msg>
<arg>xpath=//input[@type='file' and contains(@accept,'image')]</arg>
<arg>${IMAGE}</arg>
<doc>Inputs the ``file_path`` into the file input field ``locator``.</doc>
<status status="PASS" start="2026-03-03T20:47:10.870809" elapsed="0.059871"/>
</kw>
<kw name="Scroll Element Into View" owner="SeleniumLibrary">
<arg>xpath=//button[contains(.,'ส่งรีวิว')]</arg>
<doc>Scrolls the element identified by ``locator`` into view.</doc>
<status status="PASS" start="2026-03-03T20:47:10.931663" elapsed="0.297974"/>
</kw>
<kw name="Click Button" owner="SeleniumLibrary">
<msg time="2026-03-03T20:47:11.230675" level="INFO">Clicking button 'xpath=//button[contains(.,'ส่งรีวิว')]'.</msg>
<arg>xpath=//button[contains(.,'ส่งรีวิว')]</arg>
<doc>Clicks the button identified by ``locator``.</doc>
<status status="PASS" start="2026-03-03T20:47:11.230675" elapsed="0.100434"/>
</kw>
<kw name="Sleep" owner="BuiltIn">
<msg time="2026-03-03T20:47:14.334624" level="INFO">Slept 3 seconds.</msg>
<arg>3s</arg>
<doc>Pauses the test executed for the given time.</doc>
<status status="PASS" start="2026-03-03T20:47:11.333103" elapsed="3.001521"/>
</kw>
<kw name="Wait Until Page Contains" owner="SeleniumLibrary">
<arg>สำเร็จ</arg>
<arg>timeout=10s</arg>
<doc>Waits until ``text`` appears on the current page.</doc>
<status status="PASS" start="2026-03-03T20:47:14.336654" elapsed="6.106131"/>
</kw>
<kw name="Log" owner="BuiltIn">
<msg time="2026-03-03T20:47:20.444793" level="INFO">✓ ส่งรีวิวสำเร็จแล้ว</msg>
<arg>✓ ส่งรีวิวสำเร็จแล้ว</arg>
<doc>Logs the given message with the given level.</doc>
<status status="PASS" start="2026-03-03T20:47:20.443788" elapsed="0.001005"/>
</kw>
<doc>จำลอง Passenger เข้าหน้าเส้นทางที่จบแล้วเพื่อเขียนรีวิวให้ Driver</doc>
<status status="PASS" start="2026-03-03T20:47:09.052651" elapsed="11.392142"/>
</test>
<test id="s1-t3" name="ลบรีวิวผ่าน API DELETE" line="88">
<kw name="Sleep" owner="BuiltIn">
<msg time="2026-03-03T20:47:22.456429" level="INFO">Slept 2 seconds.</msg>
<arg>2s</arg>
<doc>Pauses the test executed for the given time.</doc>
<status status="PASS" start="2026-03-03T20:47:20.454789" elapsed="2.001640"/>
</kw>
<kw name="Get User Token Via API" owner="common_resource">
<kw name="Create Dictionary" owner="BuiltIn">
<msg time="2026-03-03T20:47:22.457980" level="INFO">${login_data} = {'username': 'passengerreview', 'password': '123456789'}</msg>
<var>${login_data}</var>
<arg>username=${username}</arg>
<arg>password=${password}</arg>
<doc>Creates and returns a dictionary based on the given ``items``.</doc>
<status status="PASS" start="2026-03-03T20:47:22.457980" elapsed="0.000000"/>
</kw>
<kw name="POST On Session" owner="RequestsLibrary">
<msg time="2026-03-03T20:47:22.584772" level="INFO">POST Request : url=http://localhost:3000/api/auth/login 
 path_url=/api/auth/login 
 headers={'User-Agent': 'python-requests/2.32.5', 'Accept-Encoding': 'gzip, deflate', 'Accept': '*/*', 'Connection': 'keep-alive', 'Content-Length': '56', 'Content-Type': 'application/json'} 
 body=b'{"username": "passengerreview", "password": "123456789"}' 
 </msg>
<msg time="2026-03-03T20:47:22.584772" level="INFO">POST Response : url=http://localhost:3000/api/auth/login 
 status=200, reason=OK 
 headers={'Content-Security-Policy': "default-src 'self';base-uri 'self';font-src 'self' https: data:;form-action 'self';frame-ancestors 'self';img-src 'self' data:;object-src 'none';script-src 'self';script-src-attr 'none';style-src 'self' https: 'unsafe-inline';upgrade-insecure-requests", 'Cross-Origin-Opener-Policy': 'same-origin', 'Cross-Origin-Resource-Policy': 'same-origin', 'Origin-Agent-Cluster': '?1', 'Referrer-Policy': 'no-referrer', 'Strict-Transport-Security': 'max-age=15552000; includeSubDomains', 'X-Content-Type-Options': 'nosniff', 'X-DNS-Prefetch-Control': 'off', 'X-Download-Options': 'noopen', 'X-Frame-Options': 'SAMEORIGIN', 'X-Permitted-Cross-Domain-Policies': 'none', 'X-XSS-Protection': '0', 'Vary': 'Origin', 'Access-Control-Allow-Credentials': 'true', 'Content-Type': 'application/json; charset=utf-8', 'Content-Length': '484', 'Date': 'Tue, 03 Mar 2026 13:47:22 GMT', 'Connection': 'keep-alive', 'Keep-Alive': 'timeout=5'} 
 body={"success":true,"message":"Login successful","data":{"token":"eyJhbGciOiJIUzI1NiIsInR5cCI6IkpXVCJ9.eyJzdWIiOiJjbW1ha2l0YmEwMDU0Mm1iZnBlYjAyMjNhIiwicm9sZSI6IlBBU1NFTkdFUiIsImlhdCI6MTc3MjU0NTY0MiwiZXhwIjoxNzcyNTQ5MjQyfQ.pRMaxUc6Krw8dUhoUAmyGinsWBffrmyM1B9KxtK54P4","user":{"id":"cmmakitba00542mbfpeb0223a","firstName":"passenger","lastName":"review","profilePicture":null,"role":"PASSENGER","passengerSuspendedUntil":null,"driverSuspendedUntil":null,"deletedAt":null,"deletedBy":null}}} 
 </msg>
<msg time="2026-03-03T20:47:22.584772" level="INFO">${response} = &lt;Response [200]&gt;</msg>
<var>${response}</var>
<arg>api_session</arg>
<arg>/api/auth/login</arg>
<arg>json=${login_data}</arg>
<arg>expected_status=any</arg>
<doc>Sends a POST request on a previously created HTTP Session.</doc>
<status status="PASS" start="2026-03-03T20:47:22.457980" elapsed="0.126792"/>
</kw>
<kw name="Should Be Equal As Numbers" owner="BuiltIn">
<msg time="2026-03-03T20:47:22.586737" level="INFO">Argument types are:
&lt;class 'int'&gt;
&lt;class 'str'&gt;</msg>
<arg>${response.status_code}</arg>
<arg>200</arg>
<doc>Fails if objects are unequal after converting them to real numbers.</doc>
<status status="PASS" start="2026-03-03T20:47:22.585738" elapsed="0.002091"/>
</kw>
<kw name="Set Variable" owner="BuiltIn">
<msg time="2026-03-03T20:47:22.588721" level="INFO">${token} = eyJhbGciOiJIUzI1NiIsInR5cCI6IkpXVCJ9.eyJzdWIiOiJjbW1ha2l0YmEwMDU0Mm1iZnBlYjAyMjNhIiwicm9sZSI6IlBBU1NFTkdFUiIsImlhdCI6MTc3MjU0NTY0MiwiZXhwIjoxNzcyNTQ5MjQyfQ.pRMaxUc6Krw8dUhoUAmyGinsWBffrmyM1B9KxtK54P4</msg>
<var>${token}</var>
<arg>${response.json()}[data][token]</arg>
<doc>Returns the given values which can then be assigned to a variables.</doc>
<status status="PASS" start="2026-03-03T20:47:22.587829" elapsed="0.000892"/>
</kw>
<return>
<value>${token}</value>
<status status="PASS" start="2026-03-03T20:47:22.589720" elapsed="0.000000"/>
</return>
<msg time="2026-03-03T20:47:22.589720" level="INFO">${token} = eyJhbGciOiJIUzI1NiIsInR5cCI6IkpXVCJ9.eyJzdWIiOiJjbW1ha2l0YmEwMDU0Mm1iZnBlYjAyMjNhIiwicm9sZSI6IlBBU1NFTkdFUiIsImlhdCI6MTc3MjU0NTY0MiwiZXhwIjoxNzcyNTQ5MjQyfQ.pRMaxUc6Krw8dUhoUAmyGinsWBffrmyM1B9KxtK54P4</msg>
<var>${token}</var>
<arg>${PASSENGER_USER_REVIEW}</arg>
<arg>${PASSENGER_PASS_REVIEW}</arg>
<doc>Login via API และ return access token</doc>
<status status="PASS" start="2026-03-03T20:47:22.456936" elapsed="0.132784"/>
</kw>
<kw name="Log" owner="BuiltIn">
<msg time="2026-03-03T20:47:22.592721" level="INFO">Access Token: eyJhbGciOiJIUzI1NiIsInR5cCI6IkpXVCJ9.eyJzdWIiOiJjbW1ha2l0YmEwMDU0Mm1iZnBlYjAyMjNhIiwicm9sZSI6IlBBU1NFTkdFUiIsImlhdCI6MTc3MjU0NTY0MiwiZXhwIjoxNzcyNTQ5MjQyfQ.pRMaxUc6Krw8dUhoUAmyGinsWBffrmyM1B9KxtK54P4</msg>
<arg>Access Token: ${token}</arg>
<doc>Logs the given message with the given level.</doc>
<status status="PASS" start="2026-03-03T20:47:22.591779" elapsed="0.000942"/>
</kw>
<kw name="Should Not Be Empty" owner="BuiltIn">
<msg time="2026-03-03T20:47:22.593736" level="INFO">Length is 199.</msg>
<arg>${token}</arg>
<arg>msg=Token ต้องไม่เป็นค่าว่าง</arg>
<doc>Verifies that the given item is not empty.</doc>
<status status="PASS" start="2026-03-03T20:47:22.592721" elapsed="0.001015"/>
</kw>
<kw name="Get My Reviews Via API" owner="common_resource">
<kw name="Create Dictionary" owner="BuiltIn">
<msg time="2026-03-03T20:47:22.596721" level="INFO">${headers} = {'Authorization': 'Bearer eyJhbGciOiJIUzI1NiIsInR5cCI6IkpXVCJ9.eyJzdWIiOiJjbW1ha2l0YmEwMDU0Mm1iZnBlYjAyMjNhIiwicm9sZSI6IlBBU1NFTkdFUiIsImlhdCI6MTc3MjU0NTY0MiwiZXhwIjoxNzcyNTQ5MjQyfQ.pRMaxUc6Krw8dUhoUA...</msg>
<var>${headers}</var>
<arg>Authorization=Bearer ${access_token}</arg>
<doc>Creates and returns a dictionary based on the given ``items``.</doc>
<status status="PASS" start="2026-03-03T20:47:22.595722" elapsed="0.000999"/>
</kw>
<kw name="GET On Session" owner="RequestsLibrary">
<msg time="2026-03-03T20:47:22.604736" level="INFO">GET Request : url=http://localhost:3000/api/reviews/me 
 path_url=/api/reviews/me 
 headers={'User-Agent': 'python-requests/2.32.5', 'Accept-Encoding': 'gzip, deflate', 'Accept': '*/*', 'Connection': 'keep-alive', 'Authorization': 'Bearer eyJhbGciOiJIUzI1NiIsInR5cCI6IkpXVCJ9.eyJzdWIiOiJjbW1ha2l0YmEwMDU0Mm1iZnBlYjAyMjNhIiwicm9sZSI6IlBBU1NFTkdFUiIsImlhdCI6MTc3MjU0NTY0MiwiZXhwIjoxNzcyNTQ5MjQyfQ.pRMaxUc6Krw8dUhoUAmyGinsWBffrmyM1B9KxtK54P4'} 
 body=None 
 </msg>
<msg time="2026-03-03T20:47:22.604736" level="INFO">GET Response : url=http://localhost:3000/api/reviews/me 
 status=200, reason=OK 
 headers={'Content-Security-Policy': "default-src 'self';base-uri 'self';font-src 'self' https: data:;form-action 'self';frame-ancestors 'self';img-src 'self' data:;object-src 'none';script-src 'self';script-src-attr 'none';style-src 'self' https: 'unsafe-inline';upgrade-insecure-requests", 'Cross-Origin-Opener-Policy': 'same-origin', 'Cross-Origin-Resource-Policy': 'same-origin', 'Origin-Agent-Cluster': '?1', 'Referrer-Policy': 'no-referrer', 'Strict-Transport-Security': 'max-age=15552000; includeSubDomains', 'X-Content-Type-Options': 'nosniff', 'X-DNS-Prefetch-Control': 'off', 'X-Download-Options': 'noopen', 'X-Frame-Options': 'SAMEORIGIN', 'X-Permitted-Cross-Domain-Policies': 'none', 'X-XSS-Protection': '0', 'Vary': 'Origin', 'Access-Control-Allow-Credentials': 'true', 'Content-Type': 'application/json; charset=utf-8', 'Content-Length': '482', 'Date': 'Tue, 03 Mar 2026 13:47:22 GMT', 'Connection': 'keep-alive', 'Keep-Alive': 'timeout=5'} 
 body=[{"id":"cmmanwpgg00a71xat3g0nk762","bookingId":"cmmaknz2b007e2mbfx3f4nr1w","driverId":"cmmakixdo00592mbfa9z9j2al","passengerId":"cmmakitba00542mbfpeb0223a","rating":3.5,"comment":"ขับดีมากครับพี่ รถพี่สุดยอด","files":[{"url":"https://res.cloudinary.com/deqk2coqu/image/upload/v1772545640/reviews/y3mobg6sfjumzzfswoas.jpg","type":"IMAGE"}],"labels":[],"createdAt":"2026-03-03T13:47:20.416Z","updatedAt":"2026-03-03T13:47:20.416Z"}] 
 </msg>
<msg time="2026-03-03T20:47:22.605722" level="INFO">${response} = &lt;Response [200]&gt;</msg>
<var>${response}</var>
<arg>api_session</arg>
<arg>/api/reviews/me</arg>
<arg>headers=${headers}</arg>
<arg>expected_status=any</arg>
<doc>Sends a GET request on a previously created HTTP Session.</doc>
<status status="PASS" start="2026-03-03T20:47:22.596721" elapsed="0.009001"/>
</kw>
<kw name="Should Be Equal As Numbers" owner="BuiltIn">
<msg time="2026-03-03T20:47:22.607746" level="INFO">Argument types are:
&lt;class 'int'&gt;
&lt;class 'str'&gt;</msg>
<arg>${response.status_code}</arg>
<arg>200</arg>
<doc>Fails if objects are unequal after converting them to real numbers.</doc>
<status status="PASS" start="2026-03-03T20:47:22.606723" elapsed="0.001023"/>
</kw>
<kw name="Set Variable" owner="BuiltIn">
<msg time="2026-03-03T20:47:22.609737" level="INFO">${reviews_list} = [{'id': 'cmmanwpgg00a71xat3g0nk762', 'bookingId': 'cmmaknz2b007e2mbfx3f4nr1w', 'driverId': 'cmmakixdo00592mbfa9z9j2al', 'passengerId': 'cmmakitba00542mbfpeb0223a', 'rating': 3.5, 'comment': 'ขับดีมากค...</msg>
<var>${reviews_list}</var>
<arg>${response.json()}</arg>
<doc>Returns the given values which can then be assigned to a variables.</doc>
<status status="PASS" start="2026-03-03T20:47:22.608737" elapsed="0.001000"/>
</kw>
<return>
<value>${reviews_list}</value>
<status status="PASS" start="2026-03-03T20:47:22.609737" elapsed="0.000000"/>
</return>
<msg time="2026-03-03T20:47:22.610737" level="INFO">${reviews_list} = [{'id': 'cmmanwpgg00a71xat3g0nk762', 'bookingId': 'cmmaknz2b007e2mbfx3f4nr1w', 'driverId': 'cmmakixdo00592mbfa9z9j2al', 'passengerId': 'cmmakitba00542mbfpeb0223a', 'rating': 3.5, 'comment': 'ขับดีมากค...</msg>
<var>${reviews_list}</var>
<arg>${token}</arg>
<doc>เรียก GET /api/reviews/me เพื่อดึงรีวิวทั้งหมดของ user ที่ login อยู่ (return list โดยตรง)</doc>
<status status="PASS" start="2026-03-03T20:47:22.594852" elapsed="0.016871"/>
</kw>
<kw name="Log" owner="BuiltIn">
<msg time="2026-03-03T20:47:22.612723" level="INFO">My Reviews: [{'id': 'cmmanwpgg00a71xat3g0nk762', 'bookingId': 'cmmaknz2b007e2mbfx3f4nr1w', 'driverId': 'cmmakixdo00592mbfa9z9j2al', 'passengerId': 'cmmakitba00542mbfpeb0223a', 'rating': 3.5, 'comment': 'ขับดีมากครับพี่ รถพี่สุดยอด', 'files': [{'url': 'https://res.cloudinary.com/deqk2coqu/image/upload/v1772545640/reviews/y3mobg6sfjumzzfswoas.jpg', 'type': 'IMAGE'}], 'labels': [], 'createdAt': '2026-03-03T13:47:20.416Z', 'updatedAt': '2026-03-03T13:47:20.416Z'}]</msg>
<arg>My Reviews: ${reviews_list}</arg>
<doc>Logs the given message with the given level.</doc>
<status status="PASS" start="2026-03-03T20:47:22.611723" elapsed="0.001000"/>
</kw>
<kw name="Get Length" owner="BuiltIn">
<msg time="2026-03-03T20:47:22.614737" level="INFO">Length is 1.</msg>
<msg time="2026-03-03T20:47:22.614737" level="INFO">${review_count} = 1</msg>
<var>${review_count}</var>
<arg>${reviews_list}</arg>
<doc>Returns and logs the length of the given item as an integer.</doc>
<status status="PASS" start="2026-03-03T20:47:22.613737" elapsed="0.001000"/>
</kw>
<kw name="Should Be True" owner="BuiltIn">
<arg>${review_count} &gt; 0</arg>
<arg>msg=ไม่พบรีวิวในระบบ</arg>
<doc>Fails if the given condition is not true.</doc>
<status status="PASS" start="2026-03-03T20:47:22.615736" elapsed="0.000987"/>
</kw>
<kw name="Get From List" owner="Collections">
<msg time="2026-03-03T20:47:22.619724" level="INFO">${first_review} = {'id': 'cmmanwpgg00a71xat3g0nk762', 'bookingId': 'cmmaknz2b007e2mbfx3f4nr1w', 'driverId': 'cmmakixdo00592mbfa9z9j2al', 'passengerId': 'cmmakitba00542mbfpeb0223a', 'rating': 3.5, 'comment': 'ขับดีมากคร...</msg>
<var>${first_review}</var>
<arg>${reviews_list}</arg>
<arg>0</arg>
<doc>Returns the value specified with an ``index`` from ``list``.</doc>
<status status="PASS" start="2026-03-03T20:47:22.617737" elapsed="0.001987"/>
</kw>
<kw name="Get From Dictionary" owner="Collections">
<msg time="2026-03-03T20:47:22.621726" level="INFO">${review_id} = cmmanwpgg00a71xat3g0nk762</msg>
<var>${review_id}</var>
<arg>${first_review}</arg>
<arg>id</arg>
<doc>Returns a value from the given ``dictionary`` based on the given ``key``.</doc>
<status status="PASS" start="2026-03-03T20:47:22.620723" elapsed="0.002003"/>
</kw>
<kw name="Log" owner="BuiltIn">
<msg time="2026-03-03T20:47:22.622726" level="INFO">Review ID ที่จะลบ: cmmanwpgg00a71xat3g0nk762</msg>
<arg>Review ID ที่จะลบ: ${review_id}</arg>
<doc>Logs the given message with the given level.</doc>
<status status="PASS" start="2026-03-03T20:47:22.622726" elapsed="0.001011"/>
</kw>
<kw name="Delete Review Via API" owner="common_resource">
<kw name="Create Dictionary" owner="BuiltIn">
<msg time="2026-03-03T20:47:22.624725" level="INFO">${headers} = {'Authorization': 'Bearer eyJhbGciOiJIUzI1NiIsInR5cCI6IkpXVCJ9.eyJzdWIiOiJjbW1ha2l0YmEwMDU0Mm1iZnBlYjAyMjNhIiwicm9sZSI6IlBBU1NFTkdFUiIsImlhdCI6MTc3MjU0NTY0MiwiZXhwIjoxNzcyNTQ5MjQyfQ.pRMaxUc6Krw8dUhoUA...</msg>
<var>${headers}</var>
<arg>Authorization=Bearer ${access_token}</arg>
<doc>Creates and returns a dictionary based on the given ``items``.</doc>
<status status="PASS" start="2026-03-03T20:47:22.624725" elapsed="0.000998"/>
</kw>
<kw name="DELETE On Session" owner="RequestsLibrary">
<msg time="2026-03-03T20:47:22.641742" level="INFO">DELETE Request : url=http://localhost:3000/api/reviews/cmmanwpgg00a71xat3g0nk762 
 path_url=/api/reviews/cmmanwpgg00a71xat3g0nk762 
 headers={'User-Agent': 'python-requests/2.32.5', 'Accept-Encoding': 'gzip, deflate', 'Accept': '*/*', 'Connection': 'keep-alive', 'Authorization': 'Bearer eyJhbGciOiJIUzI1NiIsInR5cCI6IkpXVCJ9.eyJzdWIiOiJjbW1ha2l0YmEwMDU0Mm1iZnBlYjAyMjNhIiwicm9sZSI6IlBBU1NFTkdFUiIsImlhdCI6MTc3MjU0NTY0MiwiZXhwIjoxNzcyNTQ5MjQyfQ.pRMaxUc6Krw8dUhoUAmyGinsWBffrmyM1B9KxtK54P4', 'Content-Length': '0'} 
 body=None 
 </msg>
<msg time="2026-03-03T20:47:22.641742" level="INFO">DELETE Response : url=http://localhost:3000/api/reviews/cmmanwpgg00a71xat3g0nk762 
 status=200, reason=OK 
 headers={'Content-Security-Policy': "default-src 'self';base-uri 'self';font-src 'self' https: data:;form-action 'self';frame-ancestors 'self';img-src 'self' data:;object-src 'none';script-src 'self';script-src-attr 'none';style-src 'self' https: 'unsafe-inline';upgrade-insecure-requests", 'Cross-Origin-Opener-Policy': 'same-origin', 'Cross-Origin-Resource-Policy': 'same-origin', 'Origin-Agent-Cluster': '?1', 'Referrer-Policy': 'no-referrer', 'Strict-Transport-Security': 'max-age=15552000; includeSubDomains', 'X-Content-Type-Options': 'nosniff', 'X-DNS-Prefetch-Control': 'off', 'X-Download-Options': 'noopen', 'X-Frame-Options': 'SAMEORIGIN', 'X-Permitted-Cross-Domain-Policies': 'none', 'X-XSS-Protection': '0', 'Vary': 'Origin', 'Access-Control-Allow-Credentials': 'true', 'Content-Type': 'application/json; charset=utf-8', 'Content-Length': '56', 'Date': 'Tue, 03 Mar 2026 13:47:22 GMT', 'Connection': 'keep-alive', 'Keep-Alive': 'timeout=5'} 
 body={"success":true,"message":"Review deleted successfully"} 
 </msg>
<msg time="2026-03-03T20:47:22.641742" level="INFO">${response} = &lt;Response [200]&gt;</msg>
<var>${response}</var>
<arg>api_session</arg>
<arg>/api/reviews/${review_id}</arg>
<arg>headers=${headers}</arg>
<arg>expected_status=any</arg>
<doc>Sends a DELETE request on a previously created HTTP Session.</doc>
<status status="PASS" start="2026-03-03T20:47:22.625723" elapsed="0.016019"/>
</kw>
<return>
<value>${response}</value>
<status status="PASS" start="2026-03-03T20:47:22.641742" elapsed="0.000999"/>
</return>
<msg time="2026-03-03T20:47:22.643727" level="INFO">${delete_response} = &lt;Response [200]&gt;</msg>
<var>${delete_response}</var>
<arg>${token}</arg>
<arg>${review_id}</arg>
<doc>เรียก DELETE /api/reviews/:reviewId เพื่อลบรีวิว</doc>
<status status="PASS" start="2026-03-03T20:47:22.623737" elapsed="0.021000"/>
</kw>
<kw name="Log" owner="BuiltIn">
<msg time="2026-03-03T20:47:22.650738" level="INFO">Delete Response Status: 200</msg>
<arg>Delete Response Status: ${delete_response.status_code}</arg>
<doc>Logs the given message with the given level.</doc>
<status status="PASS" start="2026-03-03T20:47:22.646737" elapsed="0.004988"/>
</kw>
<kw name="Should Be True" owner="BuiltIn">
<arg>${delete_response.status_code} in [200, 204]</arg>
<arg>msg=ลบรีวิวไม่สำเร็จ (Status: ${delete_response.status_code})</arg>
<doc>Fails if the given condition is not true.</doc>
<status status="PASS" start="2026-03-03T20:47:22.652737" elapsed="0.001986"/>
</kw>
<kw name="Log" owner="BuiltIn">
<msg time="2026-03-03T20:47:22.655722" level="INFO">✓ ลบรีวิว cmmanwpgg00a71xat3g0nk762 สำเร็จแล้วผ่าน API</msg>
<arg>✓ ลบรีวิว ${review_id} สำเร็จแล้วผ่าน API</arg>
<doc>Logs the given message with the given level.</doc>
<status status="PASS" start="2026-03-03T20:47:22.655722" elapsed="0.001014"/>
</kw>
<kw name="Run Keyword And Return Status" owner="BuiltIn">
<kw name="Verify Review Button Appears After Delete">
<kw name="Login To System" owner="common_resource">
<kw name="Go To" owner="SeleniumLibrary">
<msg time="2026-03-03T20:47:22.659757" level="INFO">Opening url 'http://localhost:3001/login'</msg>
<arg>${WEB_URL}/login</arg>
<doc>Navigates the current browser window to the provided ``url``.</doc>
<status status="PASS" start="2026-03-03T20:47:22.658720" elapsed="0.231001"/>
</kw>
<kw name="Wait Until Element Is Visible" owner="SeleniumLibrary">
<arg>${TXT_USERNAME}</arg>
<doc>Waits until the element ``locator`` is visible.</doc>
<status status="PASS" start="2026-03-03T20:47:22.889721" elapsed="0.238056"/>
</kw>
<kw name="Input Text" owner="SeleniumLibrary">
<msg time="2026-03-03T20:47:23.128768" level="INFO">Typing text 'passengerreview' into text field 'id=identifier'.</msg>
<arg>${TXT_USERNAME}</arg>
<arg>${username}</arg>
<doc>Types the given ``text`` into the text field identified by ``locator``.</doc>
<status status="PASS" start="2026-03-03T20:47:23.127777" elapsed="0.112003"/>
</kw>
<kw name="Input Text" owner="SeleniumLibrary">
<msg time="2026-03-03T20:47:23.241778" level="INFO">Typing text '123456789' into text field 'id=password'.</msg>
<arg>${TXT_PASSWORD}</arg>
<arg>${password}</arg>
<doc>Types the given ``text`` into the text field identified by ``locator``.</doc>
<status status="PASS" start="2026-03-03T20:47:23.240782" elapsed="0.077387"/>
</kw>
<kw name="Click Button" owner="SeleniumLibrary">
<msg time="2026-03-03T20:47:23.319167" level="INFO">Clicking button 'id=loginButton'.</msg>
<arg>${BTN_LOGIN}</arg>
<doc>Clicks the button identified by ``locator``.</doc>
<status status="PASS" start="2026-03-03T20:47:23.319167" elapsed="0.066132"/>
</kw>
<kw name="Wait Until Page Contains Element" owner="SeleniumLibrary">
<arg>xpath=//main</arg>
<arg>timeout=10s</arg>
<doc>Waits until the element ``locator`` appears on the current page.</doc>
<status status="PASS" start="2026-03-03T20:47:23.385299" elapsed="0.008998"/>
</kw>
<arg>${PASSENGER_USER_REVIEW}</arg>
<arg>${PASSENGER_PASS_REVIEW}</arg>
<status status="PASS" start="2026-03-03T20:47:22.658720" elapsed="0.735577"/>
</kw>
<kw name="Wait Until Page Contains Element" owner="SeleniumLibrary">
<arg>xpath=//a[contains(.,'การเดินทางของฉัน')]</arg>
<arg>timeout=10s</arg>
<doc>Waits until the element ``locator`` appears on the current page.</doc>
<status status="PASS" start="2026-03-03T20:47:23.394297" elapsed="0.010022"/>
</kw>
<kw name="Click Element" owner="SeleniumLibrary">
<msg time="2026-03-03T20:47:23.405298" level="INFO">Clicking element 'xpath=//a[contains(.,'การเดินทางของฉัน')]'.</msg>
<arg>xpath=//a[contains(.,'การเดินทางของฉัน')]</arg>
<doc>Click the element identified by ``locator``.</doc>
<status status="PASS" start="2026-03-03T20:47:23.404319" elapsed="0.061979"/>
</kw>
<kw name="Wait Until Element Is Visible" owner="SeleniumLibrary">
<msg time="2026-03-03T20:47:23.560294" level="INFO">Suppressing StaleElementReferenceException from Selenium.</msg>
<msg time="2026-03-03T20:47:33.751756" level="INFO" html="true">&lt;/td&gt;&lt;/tr&gt;&lt;tr&gt;&lt;td colspan="3"&gt;&lt;a href="selenium-screenshot-1.png"&gt;&lt;img src="selenium-screenshot-1.png" width="800px"&gt;&lt;/a&gt;</msg>
<msg time="2026-03-03T20:47:33.751756" level="FAIL">Element 'xpath=//button[contains(normalize-space(.), 'ทั้งหมด')]' not visible after 10 seconds.</msg>
<arg>xpath=//button[contains(normalize-space(.), 'ทั้งหมด')]</arg>
<arg>timeout=10s</arg>
<doc>Waits until the element ``locator`` is visible.</doc>
<status status="FAIL" start="2026-03-03T20:47:23.467297" elapsed="10.287582">Element 'xpath=//button[contains(normalize-space(.), 'ทั้งหมด')]' not visible after 10 seconds.</status>
</kw>
<kw name="Click Button" owner="SeleniumLibrary">
<arg>xpath=//button[contains(normalize-space(.), 'ทั้งหมด')]</arg>
<doc>Clicks the button identified by ``locator``.</doc>
<status status="NOT RUN" start="2026-03-03T20:47:33.755880" elapsed="0.000000"/>
</kw>
<kw name="Wait Until Page Contains Element" owner="SeleniumLibrary">
<arg>xpath=//button[contains(.,'เขียนรีวิว')]</arg>
<arg>timeout=10s</arg>
<doc>Waits until the element ``locator`` appears on the current page.</doc>
<status status="NOT RUN" start="2026-03-03T20:47:33.755880" elapsed="0.000000"/>
</kw>
<kw name="Page Should Contain Element" owner="SeleniumLibrary">
<arg>xpath=//button[contains(.,'เขียนรีวิว')]</arg>
<doc>Verifies that element ``locator`` is found on the current page.</doc>
<status status="NOT RUN" start="2026-03-03T20:47:33.756877" elapsed="0.000000"/>
</kw>
<kw name="Log" owner="BuiltIn">
<arg>✓ ตรวจสอบแล้ว: ปุ่ม "เขียนรีวิว" ปรากฏขึ้นมาใหม่หลังจากลบรีวิวสำเร็จ</arg>
<doc>Logs the given message with the given level.</doc>
<status status="NOT RUN" start="2026-03-03T20:47:33.756877" elapsed="0.000000"/>
</kw>
<doc>ตรวจสอบว่าหลังจากลบรีวิวแล้ว ปุ่ม "เขียนรีวิว" จะปรากฏขึ้นมาใหม่</doc>
<status status="FAIL" start="2026-03-03T20:47:22.658720" elapsed="11.098157">Element 'xpath=//button[contains(normalize-space(.), 'ทั้งหมด')]' not visible after 10 seconds.</status>
</kw>
<msg time="2026-03-03T20:47:33.756877" level="INFO">${status} = False</msg>
<var>${status}</var>
<arg>Verify Review Button Appears After Delete</arg>
<doc>Runs the specified keyword and returns the status as a Boolean value.</doc>
<status status="PASS" start="2026-03-03T20:47:22.656736" elapsed="11.101141"/>
</kw>
<kw name="Run Keyword If" owner="BuiltIn">
<kw name="Log" owner="BuiltIn">
<msg time="2026-03-03T20:47:33.759877" level="INFO">⚠ ข้าม UI verification (อาจเกิดจาก browser session หรือ user logout)</msg>
<arg>⚠ ข้าม UI verification (อาจเกิดจาก browser session หรือ user logout)</arg>
<doc>Logs the given message with the given level.</doc>
<status status="PASS" start="2026-03-03T20:47:33.759877" elapsed="0.000000"/>
</kw>
<arg>${status}</arg>
<arg>Log</arg>
<arg>✓ ตรวจสอบ UI แล้ว: ปุ่ม "เขียนรีวิว" ปรากฏขึ้นมาใหม่</arg>
<arg>ELSE</arg>
<arg>Log</arg>
<arg>⚠ ข้าม UI verification (อาจเกิดจาก browser session หรือ user logout)</arg>
<doc>Runs the given keyword with the given arguments, if ``condition`` is true.</doc>
<status status="PASS" start="2026-03-03T20:47:33.758880" elapsed="0.001997"/>
</kw>
<doc>ทดสอบการลบรีวิวผ่าน API โดยใช้ review ID ที่ได้จาก GET /api/reviews/me</doc>
<status status="PASS" start="2026-03-03T20:47:20.449790" elapsed="13.311087"/>
</test>
<test id="s1-t4" name="ลบรีวิวโดยใช้ review ID ที่กำหนด" line="121">
<kw name="Sleep" owner="BuiltIn">
<msg time="2026-03-03T20:47:35.772994" level="INFO">Slept 2 seconds.</msg>
<arg>2s</arg>
<doc>Pauses the test executed for the given time.</doc>
<status status="PASS" start="2026-03-03T20:47:33.771877" elapsed="2.001117"/>
</kw>
<kw name="Get User Token Via API" owner="common_resource">
<kw name="Create Dictionary" owner="BuiltIn">
<msg time="2026-03-03T20:47:35.778081" level="INFO">${login_data} = {'username': 'passengerreview', 'password': '123456789'}</msg>
<var>${login_data}</var>
<arg>username=${username}</arg>
<arg>password=${password}</arg>
<doc>Creates and returns a dictionary based on the given ``items``.</doc>
<status status="PASS" start="2026-03-03T20:47:35.776088" elapsed="0.001993"/>
</kw>
<kw name="POST On Session" owner="RequestsLibrary">
<msg time="2026-03-03T20:47:35.906127" level="INFO">POST Request : url=http://localhost:3000/api/auth/login 
 path_url=/api/auth/login 
 headers={'User-Agent': 'python-requests/2.32.5', 'Accept-Encoding': 'gzip, deflate', 'Accept': '*/*', 'Connection': 'keep-alive', 'Content-Length': '56', 'Content-Type': 'application/json'} 
 body=b'{"username": "passengerreview", "password": "123456789"}' 
 </msg>
<msg time="2026-03-03T20:47:35.906127" level="INFO">POST Response : url=http://localhost:3000/api/auth/login 
 status=200, reason=OK 
 headers={'Content-Security-Policy': "default-src 'self';base-uri 'self';font-src 'self' https: data:;form-action 'self';frame-ancestors 'self';img-src 'self' data:;object-src 'none';script-src 'self';script-src-attr 'none';style-src 'self' https: 'unsafe-inline';upgrade-insecure-requests", 'Cross-Origin-Opener-Policy': 'same-origin', 'Cross-Origin-Resource-Policy': 'same-origin', 'Origin-Agent-Cluster': '?1', 'Referrer-Policy': 'no-referrer', 'Strict-Transport-Security': 'max-age=15552000; includeSubDomains', 'X-Content-Type-Options': 'nosniff', 'X-DNS-Prefetch-Control': 'off', 'X-Download-Options': 'noopen', 'X-Frame-Options': 'SAMEORIGIN', 'X-Permitted-Cross-Domain-Policies': 'none', 'X-XSS-Protection': '0', 'Vary': 'Origin', 'Access-Control-Allow-Credentials': 'true', 'Content-Type': 'application/json; charset=utf-8', 'Content-Length': '484', 'Date': 'Tue, 03 Mar 2026 13:47:35 GMT', 'Connection': 'keep-alive', 'Keep-Alive': 'timeout=5'} 
 body={"success":true,"message":"Login successful","data":{"token":"eyJhbGciOiJIUzI1NiIsInR5cCI6IkpXVCJ9.eyJzdWIiOiJjbW1ha2l0YmEwMDU0Mm1iZnBlYjAyMjNhIiwicm9sZSI6IlBBU1NFTkdFUiIsImlhdCI6MTc3MjU0NTY1NSwiZXhwIjoxNzcyNTQ5MjU1fQ.nsmmYFyHkh9YpzhCptkhZxlGaelcME_jUY1zA02AkXI","user":{"id":"cmmakitba00542mbfpeb0223a","firstName":"passenger","lastName":"review","profilePicture":null,"role":"PASSENGER","passengerSuspendedUntil":null,"driverSuspendedUntil":null,"deletedAt":null,"deletedBy":null}}} 
 </msg>
<msg time="2026-03-03T20:47:35.906127" level="INFO">${response} = &lt;Response [200]&gt;</msg>
<var>${response}</var>
<arg>api_session</arg>
<arg>/api/auth/login</arg>
<arg>json=${login_data}</arg>
<arg>expected_status=any</arg>
<doc>Sends a POST request on a previously created HTTP Session.</doc>
<status status="PASS" start="2026-03-03T20:47:35.778081" elapsed="0.128046"/>
</kw>
<kw name="Should Be Equal As Numbers" owner="BuiltIn">
<msg time="2026-03-03T20:47:35.907128" level="INFO">Argument types are:
&lt;class 'int'&gt;
&lt;class 'str'&gt;</msg>
<arg>${response.status_code}</arg>
<arg>200</arg>
<doc>Fails if objects are unequal after converting them to real numbers.</doc>
<status status="PASS" start="2026-03-03T20:47:35.906127" elapsed="0.002000"/>
</kw>
<kw name="Set Variable" owner="BuiltIn">
<msg time="2026-03-03T20:47:35.909113" level="INFO">${token} = eyJhbGciOiJIUzI1NiIsInR5cCI6IkpXVCJ9.eyJzdWIiOiJjbW1ha2l0YmEwMDU0Mm1iZnBlYjAyMjNhIiwicm9sZSI6IlBBU1NFTkdFUiIsImlhdCI6MTc3MjU0NTY1NSwiZXhwIjoxNzcyNTQ5MjU1fQ.nsmmYFyHkh9YpzhCptkhZxlGaelcME_jUY1zA02AkXI</msg>
<var>${token}</var>
<arg>${response.json()}[data][token]</arg>
<doc>Returns the given values which can then be assigned to a variables.</doc>
<status status="PASS" start="2026-03-03T20:47:35.908127" elapsed="0.000986"/>
</kw>
<return>
<value>${token}</value>
<status status="PASS" start="2026-03-03T20:47:35.909113" elapsed="0.000000"/>
</return>
<msg time="2026-03-03T20:47:35.909113" level="INFO">${token} = eyJhbGciOiJIUzI1NiIsInR5cCI6IkpXVCJ9.eyJzdWIiOiJjbW1ha2l0YmEwMDU0Mm1iZnBlYjAyMjNhIiwicm9sZSI6IlBBU1NFTkdFUiIsImlhdCI6MTc3MjU0NTY1NSwiZXhwIjoxNzcyNTQ5MjU1fQ.nsmmYFyHkh9YpzhCptkhZxlGaelcME_jUY1zA02AkXI</msg>
<var>${token}</var>
<arg>${PASSENGER_USER_REVIEW}</arg>
<arg>${PASSENGER_PASS_REVIEW}</arg>
<doc>Login via API และ return access token</doc>
<status status="PASS" start="2026-03-03T20:47:35.774008" elapsed="0.135105"/>
</kw>
<kw name="Set Variable" owner="BuiltIn">
<msg time="2026-03-03T20:47:35.911129" level="INFO">${review_id} = cmma9sqzx001hez3r8f49ztcc</msg>
<var>${review_id}</var>
<arg>cmma9sqzx001hez3r8f49ztcc</arg>
<doc>Returns the given values which can then be assigned to a variables.</doc>
<status status="PASS" start="2026-03-03T20:47:35.910128" elapsed="0.001001"/>
</kw>
<kw name="Delete Review Via API" owner="common_resource">
<kw name="Create Dictionary" owner="BuiltIn">
<msg time="2026-03-03T20:47:35.912127" level="INFO">${headers} = {'Authorization': 'Bearer eyJhbGciOiJIUzI1NiIsInR5cCI6IkpXVCJ9.eyJzdWIiOiJjbW1ha2l0YmEwMDU0Mm1iZnBlYjAyMjNhIiwicm9sZSI6IlBBU1NFTkdFUiIsImlhdCI6MTc3MjU0NTY1NSwiZXhwIjoxNzcyNTQ5MjU1fQ.nsmmYFyHkh9YpzhCpt...</msg>
<var>${headers}</var>
<arg>Authorization=Bearer ${access_token}</arg>
<doc>Creates and returns a dictionary based on the given ``items``.</doc>
<status status="PASS" start="2026-03-03T20:47:35.912127" elapsed="0.000000"/>
</kw>
<kw name="DELETE On Session" owner="RequestsLibrary">
<msg time="2026-03-03T20:47:35.928732" level="INFO">DELETE Request : url=http://localhost:3000/api/reviews/cmma9sqzx001hez3r8f49ztcc 
 path_url=/api/reviews/cmma9sqzx001hez3r8f49ztcc 
 headers={'User-Agent': 'python-requests/2.32.5', 'Accept-Encoding': 'gzip, deflate', 'Accept': '*/*', 'Connection': 'keep-alive', 'Authorization': 'Bearer eyJhbGciOiJIUzI1NiIsInR5cCI6IkpXVCJ9.eyJzdWIiOiJjbW1ha2l0YmEwMDU0Mm1iZnBlYjAyMjNhIiwicm9sZSI6IlBBU1NFTkdFUiIsImlhdCI6MTc3MjU0NTY1NSwiZXhwIjoxNzcyNTQ5MjU1fQ.nsmmYFyHkh9YpzhCptkhZxlGaelcME_jUY1zA02AkXI', 'Content-Length': '0'} 
 body=None 
 </msg>
<msg time="2026-03-03T20:47:35.928732" level="INFO">DELETE Response : url=http://localhost:3000/api/reviews/cmma9sqzx001hez3r8f49ztcc 
 status=404, reason=Not Found 
 headers={'Content-Security-Policy': "default-src 'self';base-uri 'self';font-src 'self' https: data:;form-action 'self';frame-ancestors 'self';img-src 'self' data:;object-src 'none';script-src 'self';script-src-attr 'none';style-src 'self' https: 'unsafe-inline';upgrade-insecure-requests", 'Cross-Origin-Opener-Policy': 'same-origin', 'Cross-Origin-Resource-Policy': 'same-origin', 'Origin-Agent-Cluster': '?1', 'Referrer-Policy': 'no-referrer', 'Strict-Transport-Security': 'max-age=15552000; includeSubDomains', 'X-Content-Type-Options': 'nosniff', 'X-DNS-Prefetch-Control': 'off', 'X-Download-Options': 'noopen', 'X-Frame-Options': 'SAMEORIGIN', 'X-Permitted-Cross-Domain-Policies': 'none', 'X-XSS-Protection': '0', 'Vary': 'Origin', 'Access-Control-Allow-Credentials': 'true', 'Content-Type': 'application/json; charset=utf-8', 'Content-Length': '58', 'Date': 'Tue, 03 Mar 2026 13:47:35 GMT', 'Connection': 'keep-alive', 'Keep-Alive': 'timeout=5'} 
 body={"success":false,"message":"Review not found","data":null} 
 </msg>
<msg time="2026-03-03T20:47:35.928732" level="INFO">${response} = &lt;Response [404]&gt;</msg>
<var>${response}</var>
<arg>api_session</arg>
<arg>/api/reviews/${review_id}</arg>
<arg>headers=${headers}</arg>
<arg>expected_status=any</arg>
<doc>Sends a DELETE request on a previously created HTTP Session.</doc>
<status status="PASS" start="2026-03-03T20:47:35.912127" elapsed="0.016605"/>
</kw>
<return>
<value>${response}</value>
<status status="PASS" start="2026-03-03T20:47:35.929736" elapsed="0.000000"/>
</return>
<msg time="2026-03-03T20:47:35.929736" level="INFO">${delete_response} = &lt;Response [404]&gt;</msg>
<var>${delete_response}</var>
<arg>${token}</arg>
<arg>${review_id}</arg>
<doc>เรียก DELETE /api/reviews/:reviewId เพื่อลบรีวิว</doc>
<status status="PASS" start="2026-03-03T20:47:35.911129" elapsed="0.018607"/>
</kw>
<kw name="Log" owner="BuiltIn">
<msg time="2026-03-03T20:47:35.931729" level="INFO">Delete Response Status: 404</msg>
<arg>Delete Response Status: ${delete_response.status_code}</arg>
<doc>Logs the given message with the given level.</doc>
<status status="PASS" start="2026-03-03T20:47:35.930716" elapsed="0.001013"/>
</kw>
<kw name="Log" owner="BuiltIn">
<msg time="2026-03-03T20:47:35.935717" level="INFO">Delete Response Body: {"success":false,"message":"Review not found","data":null}</msg>
<arg>Delete Response Body: ${delete_response.content}</arg>
<doc>Logs the given message with the given level.</doc>
<status status="PASS" start="2026-03-03T20:47:35.932727" elapsed="0.002990"/>
</kw>
<kw name="Run Keyword If" owner="BuiltIn">
<kw name="Log" owner="BuiltIn">
<msg time="2026-03-03T20:47:35.945731" level="INFO">ไม่พบรีวิวนี้ในระบบ</msg>
<arg>ไม่พบรีวิวนี้ในระบบ</arg>
<doc>Logs the given message with the given level.</doc>
<status status="PASS" start="2026-03-03T20:47:35.945731" elapsed="0.000000"/>
</kw>
<arg>${delete_response.status_code} == 200</arg>
<arg>Log</arg>
<arg>ลบรีวิวสำเร็จ</arg>
<arg>ELSE IF</arg>
<arg>${delete_response.status_code} == 204</arg>
<arg>Log</arg>
<arg>ลบรีวิวสำเร็จ (No Content)</arg>
<arg>ELSE IF</arg>
<arg>${delete_response.status_code} == 404</arg>
<arg>Log</arg>
<arg>ไม่พบรีวิวนี้ในระบบ</arg>
<arg>ELSE IF</arg>
<arg>${delete_response.status_code} == 403</arg>
<arg>Log</arg>
<arg>ไม่มีสิทธิ์ลบรีวิวนี้</arg>
<arg>ELSE IF</arg>
<arg>${delete_response.status_code} == 400</arg>
<arg>Log</arg>
<arg>ไม่สามารถลบได้ (เกิน 7 วัน หรือเงื่อนไขอื่นๆ)</arg>
<arg>ELSE</arg>
<arg>Log</arg>
<arg>Error: ${delete_response.status_code}</arg>
<doc>Runs the given keyword with the given arguments, if ``condition`` is true.</doc>
<status status="PASS" start="2026-03-03T20:47:35.936734" elapsed="0.010001"/>
</kw>
<kw name="Evaluate" owner="BuiltIn">
<msg time="2026-03-03T20:47:35.948731" level="INFO">${should_verify} = False</msg>
<var>${should_verify}</var>
<arg>${delete_response.status_code} in [200, 204]</arg>
<doc>Evaluates the given expression in Python and returns the result.</doc>
<status status="PASS" start="2026-03-03T20:47:35.947732" elapsed="0.001998"/>
</kw>
<kw name="Run Keyword If" owner="BuiltIn">
<arg>${should_verify}</arg>
<arg>Run Keyword And Ignore Error</arg>
<arg>Verify Review Button Appears After Delete</arg>
<doc>Runs the given keyword with the given arguments, if ``condition`` is true.</doc>
<status status="PASS" start="2026-03-03T20:47:35.950732" elapsed="0.000000"/>
</kw>
<doc>ทดสอบการลบรีวิวด้วย review ID ที่ระบุโดยตรง (เช่น cmma9sqzx001hez3r8f49ztcc)</doc>
<status status="PASS" start="2026-03-03T20:47:33.768882" elapsed="2.182850"/>
</test>
<kw name="Close All Browsers" owner="SeleniumLibrary" type="TEARDOWN">
<doc>Closes all open browsers and resets the browser cache.</doc>
<status status="PASS" start="2026-03-03T20:47:35.954732" elapsed="2.237149"/>
</kw>
<doc>US-3: ผู้ใช้เขียนรีวิวไม่ใส่label</doc>
<status status="PASS" start="2026-03-03T20:47:06.550130" elapsed="31.642776"/>
</suite>
<statistics>
<total>
<stat pass="4" fail="0" skip="0">All Tests</stat>
</total>
<tag>
</tag>
<suite>
<stat name="TS-F02-US3" id="s1" pass="4" fail="0" skip="0">TS-F02-US3</stat>
</suite>
</statistics>
<errors>
</errors>
</robot>
